---------- Date: 2018-04-12 11:24:45 ~ IP : 167.160.180.134 ----------
REQUEST URI : /
MOD DETAILS:
   modFile   : /usr/local/www/vqmod/xml/youtube.xml
   id        : Youtube
   version   : 1.0
   vqmver    : 2.3.2
   author    : Karley Deutschland GmbH
VQModObject::parseMods - Could not resolve path for [admin/controller/catalog/product.php] (SKIPPED)
VQModObject::parseMods - Could not resolve path for [admin/model/catalog/product.php] (SKIPPED)
VQModObject::parseMods - Could not resolve path for [admin/view/template/catalog/product_form.twig] (SKIPPED)

----------------------------------------------------------------------


---------- Date: 2018-04-12 11:52:43 ~ IP : 167.160.180.134 ----------
REQUEST URI : /product.html?path=69_59&product_id=42
MOD DETAILS:
   modFile   : /usr/local/www/vqmod/xml/youtube.xml
   id        : Youtube
   version   : 1.0
   vqmver    : 2.3.2
   author    : Karley Deutschland GmbH

File Name    : catalog/view/theme/techone/template/product/product.tpl(0)
VQModObject::applyMod - SEARCH NOT FOUND (ABORTING MOD): <li><a href="#tab-review" data-toggle="tab">{{ tab_review }}</a></li>

----------------------------------------------------------------------


---------- Date: 2018-04-12 12:33:08 ~ IP : 113.115.100.192 ----------
REQUEST URI : /product.html?path=69_59&product_id=42
MOD DETAILS:
   modFile   : /usr/local/www/vqmod/xml/youtube.xml
   id        : Youtube
   version   : 1.0
   vqmver    : 2.3.2
   author    : Karley Deutschland GmbH

File Name    : catalog/view/theme/techone/template/product/product.tpl(0)
VQModObject::applyMod - SEARCH NOT FOUND (ABORTING MOD): <li><a href="#tab-review" data-toggle="tab">{{ tab_review }}</a></li>

----------------------------------------------------------------------


