---------- Date: 2018-04-13 02:33:19 ~ IP : 167.160.180.134 ----------
REQUEST URI : /product.html?path=69_59&product_id=42
MOD DETAILS:
   modFile   : /usr/local/www/vqmod/xml/youtube.xml
   id        : Youtube
   version   : 1.0
   vqmver    : 2.3.2
   author    : Karley Deutschland GmbH

File Name    : catalog/view/theme/techone/template/product/product.tpl(2)
VQModObject::applyMod - SEARCH NOT FOUND (ABORTING MOD): {{ footer }}

----------------------------------------------------------------------


---------- Date: 2018-04-13 02:36:26 ~ IP : 167.160.180.134 ----------
REQUEST URI : /product.html?path=69_59&product_id=42
MOD DETAILS:
   modFile   : /usr/local/www/vqmod/xml/youtube.xml
   id        : Youtube
   version   : 1.0
   vqmver    : 2.3.2
   author    : Karley Deutschland GmbH

File Name    : catalog/view/theme/techone/template/product/product.tpl(2)
VQModObject::applyMod - SEARCH NOT FOUND (ABORTING MOD): {{ footer }}

----------------------------------------------------------------------


---------- Date: 2018-04-13 03:35:47 ~ IP : 167.160.180.134 ----------
REQUEST URI : /product.html?path=69_59&product_id=42
MOD DETAILS:
   modFile   : /usr/local/www/vqmod/xml/youtube.xml
   id        : Youtube
   version   : 1.0
   vqmver    : 2.3.2
   author    : Karley Deutschland GmbH

File Name    : catalog/view/theme/techone/template/product/product.tpl(0)
VQModObject::applyMod - SEARCH NOT FOUND (ABORTING MOD): echo '<a href="#'.$id.'">'.$tab['heading'].'</a>';} ?>

----------------------------------------------------------------------


---------- Date: 2018-04-13 03:37:56 ~ IP : 167.160.180.134 ----------
REQUEST URI : /product.html?path=69_59&product_id=42
MOD DETAILS:
   modFile   : /usr/local/www/vqmod/xml/youtube.xml
   id        : Youtube
   version   : 1.0
   vqmver    : 2.3.2
   author    : Karley Deutschland GmbH

File Name    : catalog/view/theme/techone/template/product/product.tpl(0)
VQModObject::applyMod - SEARCH NOT FOUND (ABORTING MOD): </div><?php $i = 0; foreach($tabs as $tab) { $i++;

----------------------------------------------------------------------


---------- Date: 2018-04-13 03:52:34 ~ IP : 167.160.180.134 ----------
REQUEST URI : /product.html?path=69_59&product_id=42
MOD DETAILS:
   modFile   : /usr/local/www/vqmod/xml/youtube.xml
   id        : Youtube
   version   : 1.0
   vqmver    : 2.3.2
   author    : Karley Deutschland GmbH

File Name    : catalog/view/theme/techone/template/product/product.tpl(0)
VQModObject::applyMod - SEARCH NOT FOUND (ABORTING MOD): if ($attribute_groups) {
		$tabs[] = array(
			'heading' => $tab_attribute,
			'content' => 'attribute',
			'sort' => 2
		);

----------------------------------------------------------------------


